<?xml version="1.0" encoding="UTF-8"?>
<coverage generated="1717788321846" clover="3.2.0">
  <project timestamp="1717788321847" name="All files">
    <metrics statements="2" coveredstatements="1" conditionals="0" coveredconditionals="0" methods="1" coveredmethods="0" elements="3" coveredelements="1" complexity="0" loc="2" ncloc="2" packages="1" files="1" classes="1"/>
    <file name="suma.js" path="D:\Gnius\Gnius code\sistema dar\servicios-api-dar\src\controllers\suma.js">
      <metrics statements="2" coveredstatements="1" conditionals="0" coveredconditionals="0" methods="1" coveredmethods="0"/>
      <line num="1" count="1" type="stmt"/>
      <line num="2" count="0" type="stmt"/>
    </file>
  </project>
</coverage>
