{"D:\\Gnius\\Gnius code\\sistema dar\\servicios-api-dar\\src\\controllers\\checkNumber.js": {"path":"D:\\Gnius\\Gnius code\\sistema dar\\servicios-api-dar\\src\\controllers\\checkNumber.js","statementMap":{"0":{"start":{"line":2,"column":4},"end":{"line":6,"column":5}},"1":{"start":{"line":3,"column":8},"end":{"line":3,"column":20}},"2":{"start":{"line":5,"column":8},"end":{"line":5,"column":21}}},"fnMap":{"0":{"name":"checkNumber","decl":{"start":{"line":1,"column":24},"end":{"line":1,"column":35}},"loc":{"start":{"line":1,"column":45},"end":{"line":7,"column":1}},"line":1}},"branchMap":{"0":{"loc":{"start":{"line":2,"column":4},"end":{"line":6,"column":5}},"type":"if","locations":[{"start":{"line":2,"column":4},"end":{"line":6,"column":5}},{"start":{"line":4,"column":9},"end":{"line":6,"column":5}}],"line":2}},"s":{"0":3,"1":1,"2":2},"f":{"0":3},"b":{"0":[1,2]},"_coverageSchema":"1a1c01bbd47fc00a2c39e90264f33305004495a9","hash":"cb5a9b038bc863d4ad95a592e23a30df60f6ee76"}
,"D:\\Gnius\\Gnius code\\sistema dar\\servicios-api-dar\\src\\controllers\\promedio.js": {"path":"D:\\Gnius\\Gnius code\\sistema dar\\servicios-api-dar\\src\\controllers\\promedio.js","statementMap":{"0":{"start":{"line":2,"column":19},"end":{"line":2,"column":20}},"1":{"start":{"line":3,"column":4},"end":{"line":7,"column":5}},"2":{"start":{"line":4,"column":8},"end":{"line":6,"column":9}},"3":{"start":{"line":4,"column":34},"end":{"line":4,"column":42}},"4":{"start":{"line":5,"column":12},"end":{"line":5,"column":21}},"5":{"start":{"line":8,"column":4},"end":{"line":10,"column":5}},"6":{"start":{"line":9,"column":8},"end":{"line":9,"column":16}},"7":{"start":{"line":11,"column":4},"end":{"line":13,"column":5}},"8":{"start":{"line":11,"column":16},"end":{"line":11,"column":17}},"9":{"start":{"line":12,"column":8},"end":{"line":12,"column":33}},"10":{"start":{"line":14,"column":4},"end":{"line":14,"column":37}}},"fnMap":{"0":{"name":"calcularPromedio","decl":{"start":{"line":1,"column":24},"end":{"line":1,"column":40}},"loc":{"start":{"line":1,"column":51},"end":{"line":15,"column":1}},"line":1},"1":{"name":"(anonymous_1)","decl":{"start":{"line":4,"column":26},"end":{"line":4,"column":27}},"loc":{"start":{"line":4,"column":34},"end":{"line":4,"column":42}},"line":4}},"branchMap":{"0":{"loc":{"start":{"line":3,"column":4},"end":{"line":7,"column":5}},"type":"if","locations":[{"start":{"line":3,"column":4},"end":{"line":7,"column":5}},{"start":{},"end":{}}],"line":3},"1":{"loc":{"start":{"line":4,"column":8},"end":{"line":6,"column":9}},"type":"if","locations":[{"start":{"line":4,"column":8},"end":{"line":6,"column":9}},{"start":{},"end":{}}],"line":4},"2":{"loc":{"start":{"line":8,"column":4},"end":{"line":10,"column":5}},"type":"if","locations":[{"start":{"line":8,"column":4},"end":{"line":10,"column":5}},{"start":{},"end":{}}],"line":8}},"s":{"0":5,"1":5,"2":4,"3":8,"4":1,"5":4,"6":1,"7":3,"8":3,"9":7,"10":3},"f":{"0":5,"1":8},"b":{"0":[4,1],"1":[1,3],"2":[1,3]},"_coverageSchema":"1a1c01bbd47fc00a2c39e90264f33305004495a9","hash":"01f6c56e46f3a2ed0738b66804ee6c2a69859070"}
}
