{"D:\\Gnius\\Gnius code\\sistema dar\\servicios-api-dar\\src\\app.js": {"path":"D:\\Gnius\\Gnius code\\sistema dar\\servicios-api-dar\\src\\app.js","statementMap":{"0":{"start":{"line":12,"column":12},"end":{"line":12,"column":21}},"1":{"start":{"line":13,"column":0},"end":{"line":16,"column":4}},"2":{"start":{"line":17,"column":0},"end":{"line":17,"column":23}},"3":{"start":{"line":18,"column":0},"end":{"line":18,"column":24}},"4":{"start":{"line":19,"column":0},"end":{"line":19,"column":24}},"5":{"start":{"line":20,"column":0},"end":{"line":20,"column":27}},"6":{"start":{"line":21,"column":0},"end":{"line":21,"column":30}},"7":{"start":{"line":22,"column":0},"end":{"line":22,"column":38}},"8":{"start":{"line":23,"column":0},"end":{"line":23,"column":42}},"9":{"start":{"line":25,"column":0},"end":{"line":25,"column":25}}},"fnMap":{},"branchMap":{},"s":{"0":1,"1":1,"2":1,"3":1,"4":1,"5":1,"6":1,"7":1,"8":1,"9":1},"f":{},"b":{},"_coverageSchema":"1a1c01bbd47fc00a2c39e90264f33305004495a9","hash":"a97c1727141f69bfb190d60b7cf0bda22c7397e0"}
,"D:\\Gnius\\Gnius code\\sistema dar\\servicios-api-dar\\src\\config.js": {"path":"D:\\Gnius\\Gnius code\\sistema dar\\servicios-api-dar\\src\\config.js","statementMap":{"0":{"start":{"line":3,"column":28},"end":{"line":3,"column":45}},"1":{"start":{"line":4,"column":22},"end":{"line":4,"column":37}},"2":{"start":{"line":5,"column":34},"end":{"line":5,"column":64}},"3":{"start":{"line":6,"column":33},"end":{"line":6,"column":62}},"4":{"start":{"line":7,"column":34},"end":{"line":7,"column":64}}},"fnMap":{},"branchMap":{},"s":{"0":1,"1":1,"2":1,"3":1,"4":1},"f":{},"b":{},"_coverageSchema":"1a1c01bbd47fc00a2c39e90264f33305004495a9","hash":"a1d707be9e3d24ed61de7c8fb8cfc5015bdc4431"}
,"D:\\Gnius\\Gnius code\\sistema dar\\servicios-api-dar\\src\\controllers\\auth.controller.js": {"path":"D:\\Gnius\\Gnius code\\sistema dar\\servicios-api-dar\\src\\controllers\\auth.controller.js","statementMap":{"0":{"start":{"line":5,"column":24},"end":{"line":32,"column":1}},"1":{"start":{"line":6,"column":57},"end":{"line":6,"column":65}},"2":{"start":{"line":7,"column":4},"end":{"line":31,"column":5}},"3":{"start":{"line":8,"column":29},"end":{"line":8,"column":59}},"4":{"start":{"line":9,"column":24},"end":{"line":15,"column":10}},"5":{"start":{"line":16,"column":26},"end":{"line":16,"column":46}},"6":{"start":{"line":17,"column":22},"end":{"line":17,"column":65}},"7":{"start":{"line":18,"column":8},"end":{"line":18,"column":33}},"8":{"start":{"line":19,"column":8},"end":{"line":28,"column":10}},"9":{"start":{"line":30,"column":8},"end":{"line":30,"column":54}},"10":{"start":{"line":34,"column":21},"end":{"line":59,"column":1}},"11":{"start":{"line":35,"column":30},"end":{"line":35,"column":38}},"12":{"start":{"line":36,"column":4},"end":{"line":58,"column":5}},"13":{"start":{"line":37,"column":26},"end":{"line":37,"column":53}},"14":{"start":{"line":38,"column":8},"end":{"line":40,"column":10}},"15":{"start":{"line":38,"column":23},"end":{"line":40,"column":10}},"16":{"start":{"line":41,"column":24},"end":{"line":41,"column":73}},"17":{"start":{"line":42,"column":8},"end":{"line":44,"column":10}},"18":{"start":{"line":42,"column":21},"end":{"line":44,"column":10}},"19":{"start":{"line":45,"column":22},"end":{"line":45,"column":65}},"20":{"start":{"line":46,"column":8},"end":{"line":46,"column":33}},"21":{"start":{"line":47,"column":8},"end":{"line":55,"column":10}},"22":{"start":{"line":57,"column":8},"end":{"line":57,"column":54}},"23":{"start":{"line":61,"column":22},"end":{"line":66,"column":1}},"24":{"start":{"line":62,"column":4},"end":{"line":64,"column":6}},"25":{"start":{"line":65,"column":4},"end":{"line":65,"column":30}},"26":{"start":{"line":68,"column":23},"end":{"line":80,"column":1}},"27":{"start":{"line":69,"column":22},"end":{"line":69,"column":55}},"28":{"start":{"line":70,"column":4},"end":{"line":72,"column":7}},"29":{"start":{"line":70,"column":19},"end":{"line":72,"column":7}},"30":{"start":{"line":73,"column":4},"end":{"line":79,"column":7}}},"fnMap":{"0":{"name":"(anonymous_0)","decl":{"start":{"line":5,"column":24},"end":{"line":5,"column":25}},"loc":{"start":{"line":5,"column":43},"end":{"line":32,"column":1}},"line":5},"1":{"name":"(anonymous_1)","decl":{"start":{"line":34,"column":21},"end":{"line":34,"column":22}},"loc":{"start":{"line":34,"column":40},"end":{"line":59,"column":1}},"line":34},"2":{"name":"(anonymous_2)","decl":{"start":{"line":61,"column":22},"end":{"line":61,"column":23}},"loc":{"start":{"line":61,"column":35},"end":{"line":66,"column":1}},"line":61},"3":{"name":"(anonymous_3)","decl":{"start":{"line":68,"column":23},"end":{"line":68,"column":24}},"loc":{"start":{"line":68,"column":42},"end":{"line":80,"column":1}},"line":68}},"branchMap":{"0":{"loc":{"start":{"line":38,"column":8},"end":{"line":40,"column":10}},"type":"if","locations":[{"start":{"line":38,"column":8},"end":{"line":40,"column":10}},{"start":{},"end":{}}],"line":38},"1":{"loc":{"start":{"line":42,"column":8},"end":{"line":44,"column":10}},"type":"if","locations":[{"start":{"line":42,"column":8},"end":{"line":44,"column":10}},{"start":{},"end":{}}],"line":42},"2":{"loc":{"start":{"line":70,"column":4},"end":{"line":72,"column":7}},"type":"if","locations":[{"start":{"line":70,"column":4},"end":{"line":72,"column":7}},{"start":{},"end":{}}],"line":70}},"s":{"0":1,"1":0,"2":0,"3":0,"4":0,"5":0,"6":0,"7":0,"8":0,"9":0,"10":1,"11":0,"12":0,"13":0,"14":0,"15":0,"16":0,"17":0,"18":0,"19":0,"20":0,"21":0,"22":0,"23":1,"24":0,"25":0,"26":1,"27":0,"28":0,"29":0,"30":0},"f":{"0":0,"1":0,"2":0,"3":0},"b":{"0":[0,0],"1":[0,0],"2":[0,0]},"_coverageSchema":"1a1c01bbd47fc00a2c39e90264f33305004495a9","hash":"9e699444cbfa9ca197b3d5394ab4f47e2c6cab9b"}
,"D:\\Gnius\\Gnius code\\sistema dar\\servicios-api-dar\\src\\controllers\\numeroEvenOdd.controller.js": {"path":"D:\\Gnius\\Gnius code\\sistema dar\\servicios-api-dar\\src\\controllers\\numeroEvenOdd.controller.js","statementMap":{"0":{"start":{"line":1,"column":35},"end":{"line":11,"column":1}},"1":{"start":{"line":2,"column":19},"end":{"line":2,"column":50}},"2":{"start":{"line":4,"column":4},"end":{"line":10,"column":5}},"3":{"start":{"line":5,"column":8},"end":{"line":5,"column":45}},"4":{"start":{"line":6,"column":11},"end":{"line":10,"column":5}},"5":{"start":{"line":7,"column":8},"end":{"line":7,"column":38}},"6":{"start":{"line":9,"column":8},"end":{"line":9,"column":37}},"7":{"start":{"line":13,"column":21},"end":{"line":29,"column":1}},"8":{"start":{"line":14,"column":18},"end":{"line":14,"column":48}},"9":{"start":{"line":16,"column":4},"end":{"line":28,"column":5}},"10":{"start":{"line":17,"column":6},"end":{"line":17,"column":44}},"11":{"start":{"line":18,"column":11},"end":{"line":28,"column":5}},"12":{"start":{"line":19,"column":6},"end":{"line":19,"column":26}},"13":{"start":{"line":20,"column":11},"end":{"line":28,"column":5}},"14":{"start":{"line":21,"column":6},"end":{"line":21,"column":26}},"15":{"start":{"line":22,"column":11},"end":{"line":28,"column":5}},"16":{"start":{"line":23,"column":6},"end":{"line":23,"column":26}},"17":{"start":{"line":24,"column":11},"end":{"line":28,"column":5}},"18":{"start":{"line":25,"column":6},"end":{"line":25,"column":26}},"19":{"start":{"line":27,"column":6},"end":{"line":27,"column":26}}},"fnMap":{"0":{"name":"(anonymous_0)","decl":{"start":{"line":1,"column":35},"end":{"line":1,"column":36}},"loc":{"start":{"line":1,"column":55},"end":{"line":11,"column":1}},"line":1},"1":{"name":"(anonymous_1)","decl":{"start":{"line":13,"column":21},"end":{"line":13,"column":22}},"loc":{"start":{"line":13,"column":35},"end":{"line":29,"column":1}},"line":13}},"branchMap":{"0":{"loc":{"start":{"line":4,"column":4},"end":{"line":10,"column":5}},"type":"if","locations":[{"start":{"line":4,"column":4},"end":{"line":10,"column":5}},{"start":{"line":6,"column":11},"end":{"line":10,"column":5}}],"line":4},"1":{"loc":{"start":{"line":6,"column":11},"end":{"line":10,"column":5}},"type":"if","locations":[{"start":{"line":6,"column":11},"end":{"line":10,"column":5}},{"start":{"line":8,"column":11},"end":{"line":10,"column":5}}],"line":6},"2":{"loc":{"start":{"line":16,"column":4},"end":{"line":28,"column":5}},"type":"if","locations":[{"start":{"line":16,"column":4},"end":{"line":28,"column":5}},{"start":{"line":18,"column":11},"end":{"line":28,"column":5}}],"line":16},"3":{"loc":{"start":{"line":16,"column":8},"end":{"line":16,"column":48}},"type":"binary-expr","locations":[{"start":{"line":16,"column":8},"end":{"line":16,"column":20}},{"start":{"line":16,"column":24},"end":{"line":16,"column":33}},{"start":{"line":16,"column":37},"end":{"line":16,"column":48}}],"line":16},"4":{"loc":{"start":{"line":18,"column":11},"end":{"line":28,"column":5}},"type":"if","locations":[{"start":{"line":18,"column":11},"end":{"line":28,"column":5}},{"start":{"line":20,"column":11},"end":{"line":28,"column":5}}],"line":18},"5":{"loc":{"start":{"line":20,"column":11},"end":{"line":28,"column":5}},"type":"if","locations":[{"start":{"line":20,"column":11},"end":{"line":28,"column":5}},{"start":{"line":22,"column":11},"end":{"line":28,"column":5}}],"line":20},"6":{"loc":{"start":{"line":22,"column":11},"end":{"line":28,"column":5}},"type":"if","locations":[{"start":{"line":22,"column":11},"end":{"line":28,"column":5}},{"start":{"line":24,"column":11},"end":{"line":28,"column":5}}],"line":22},"7":{"loc":{"start":{"line":24,"column":11},"end":{"line":28,"column":5}},"type":"if","locations":[{"start":{"line":24,"column":11},"end":{"line":28,"column":5}},{"start":{"line":26,"column":11},"end":{"line":28,"column":5}}],"line":24}},"s":{"0":1,"1":3,"2":3,"3":1,"4":2,"5":1,"6":1,"7":1,"8":7,"9":7,"10":2,"11":5,"12":1,"13":4,"14":1,"15":3,"16":1,"17":2,"18":1,"19":1},"f":{"0":3,"1":7},"b":{"0":[1,2],"1":[1,1],"2":[2,5],"3":[7,6,6],"4":[1,4],"5":[1,3],"6":[1,2],"7":[1,1]},"_coverageSchema":"1a1c01bbd47fc00a2c39e90264f33305004495a9","hash":"cd2e6c5e79412b06d4267720189bf06d91ef2dc5"}
,"D:\\Gnius\\Gnius code\\sistema dar\\servicios-api-dar\\src\\controllers\\patient.controller.js": {"path":"D:\\Gnius\\Gnius code\\sistema dar\\servicios-api-dar\\src\\controllers\\patient.controller.js","statementMap":{"0":{"start":{"line":5,"column":27},"end":{"line":8,"column":1}},"1":{"start":{"line":6,"column":21},"end":{"line":6,"column":45}},"2":{"start":{"line":7,"column":4},"end":{"line":7,"column":22}},"3":{"start":{"line":10,"column":29},"end":{"line":25,"column":1}},"4":{"start":{"line":11,"column":21},"end":{"line":11,"column":29}},"5":{"start":{"line":12,"column":4},"end":{"line":14,"column":7}},"6":{"start":{"line":12,"column":34},"end":{"line":14,"column":7}},"7":{"start":{"line":15,"column":4},"end":{"line":24,"column":5}},"8":{"start":{"line":16,"column":31},"end":{"line":16,"column":58}},"9":{"start":{"line":17,"column":32},"end":{"line":17,"column":59}},"10":{"start":{"line":18,"column":8},"end":{"line":18,"column":34}},"11":{"start":{"line":20,"column":8},"end":{"line":20,"column":52}},"12":{"start":{"line":21,"column":8},"end":{"line":23,"column":11}},"13":{"start":{"line":27,"column":26},"end":{"line":33,"column":1}},"14":{"start":{"line":28,"column":21},"end":{"line":28,"column":62}},"15":{"start":{"line":29,"column":4},"end":{"line":31,"column":7}},"16":{"start":{"line":29,"column":17},"end":{"line":31,"column":7}},"17":{"start":{"line":32,"column":4},"end":{"line":32,"column":22}},"18":{"start":{"line":35,"column":29},"end":{"line":41,"column":1}},"19":{"start":{"line":36,"column":21},"end":{"line":36,"column":71}},"20":{"start":{"line":37,"column":4},"end":{"line":39,"column":7}},"21":{"start":{"line":37,"column":17},"end":{"line":39,"column":7}},"22":{"start":{"line":40,"column":4},"end":{"line":40,"column":53}},"23":{"start":{"line":43,"column":29},"end":{"line":51,"column":1}},"24":{"start":{"line":44,"column":21},"end":{"line":46,"column":6}},"25":{"start":{"line":47,"column":4},"end":{"line":49,"column":7}},"26":{"start":{"line":47,"column":17},"end":{"line":49,"column":7}},"27":{"start":{"line":50,"column":4},"end":{"line":50,"column":22}}},"fnMap":{"0":{"name":"(anonymous_0)","decl":{"start":{"line":5,"column":27},"end":{"line":5,"column":28}},"loc":{"start":{"line":5,"column":46},"end":{"line":8,"column":1}},"line":5},"1":{"name":"(anonymous_1)","decl":{"start":{"line":10,"column":29},"end":{"line":10,"column":30}},"loc":{"start":{"line":10,"column":48},"end":{"line":25,"column":1}},"line":10},"2":{"name":"(anonymous_2)","decl":{"start":{"line":27,"column":26},"end":{"line":27,"column":27}},"loc":{"start":{"line":27,"column":45},"end":{"line":33,"column":1}},"line":27},"3":{"name":"(anonymous_3)","decl":{"start":{"line":35,"column":29},"end":{"line":35,"column":30}},"loc":{"start":{"line":35,"column":48},"end":{"line":41,"column":1}},"line":35},"4":{"name":"(anonymous_4)","decl":{"start":{"line":43,"column":29},"end":{"line":43,"column":30}},"loc":{"start":{"line":43,"column":48},"end":{"line":51,"column":1}},"line":43}},"branchMap":{"0":{"loc":{"start":{"line":12,"column":4},"end":{"line":14,"column":7}},"type":"if","locations":[{"start":{"line":12,"column":4},"end":{"line":14,"column":7}},{"start":{},"end":{}}],"line":12},"1":{"loc":{"start":{"line":29,"column":4},"end":{"line":31,"column":7}},"type":"if","locations":[{"start":{"line":29,"column":4},"end":{"line":31,"column":7}},{"start":{},"end":{}}],"line":29},"2":{"loc":{"start":{"line":37,"column":4},"end":{"line":39,"column":7}},"type":"if","locations":[{"start":{"line":37,"column":4},"end":{"line":39,"column":7}},{"start":{},"end":{}}],"line":37},"3":{"loc":{"start":{"line":47,"column":4},"end":{"line":49,"column":7}},"type":"if","locations":[{"start":{"line":47,"column":4},"end":{"line":49,"column":7}},{"start":{},"end":{}}],"line":47}},"s":{"0":1,"1":0,"2":0,"3":1,"4":0,"5":0,"6":0,"7":0,"8":0,"9":0,"10":0,"11":0,"12":0,"13":1,"14":0,"15":0,"16":0,"17":0,"18":1,"19":0,"20":0,"21":0,"22":0,"23":1,"24":0,"25":0,"26":0,"27":0},"f":{"0":0,"1":0,"2":0,"3":0,"4":0},"b":{"0":[0,0],"1":[0,0],"2":[0,0],"3":[0,0]},"_coverageSchema":"1a1c01bbd47fc00a2c39e90264f33305004495a9","hash":"806dedead97d01798f3e1c9728495bf97a4924ea"}
,"D:\\Gnius\\Gnius code\\sistema dar\\servicios-api-dar\\src\\controllers\\suma.js": {"path":"D:\\Gnius\\Gnius code\\sistema dar\\servicios-api-dar\\src\\controllers\\suma.js","statementMap":{"0":{"start":{"line":2,"column":4},"end":{"line":2,"column":15}}},"fnMap":{"0":{"name":"suma","decl":{"start":{"line":1,"column":16},"end":{"line":1,"column":20}},"loc":{"start":{"line":1,"column":28},"end":{"line":3,"column":1}},"line":1}},"branchMap":{},"s":{"0":1},"f":{"0":1},"b":{},"_coverageSchema":"1a1c01bbd47fc00a2c39e90264f33305004495a9","hash":"66be415cbccc76929b3b0dfc3758735c0884a3f1"}
,"D:\\Gnius\\Gnius code\\sistema dar\\servicios-api-dar\\src\\controllers\\verifyNumber.js": {"path":"D:\\Gnius\\Gnius code\\sistema dar\\servicios-api-dar\\src\\controllers\\verifyNumber.js","statementMap":{"0":{"start":{"line":8,"column":21},"end":{"line":8,"column":66}},"1":{"start":{"line":10,"column":33},"end":{"line":28,"column":1}},"2":{"start":{"line":11,"column":4},"end":{"line":27,"column":5}},"3":{"start":{"line":12,"column":25},"end":{"line":12,"column":33}},"4":{"start":{"line":13,"column":25},"end":{"line":21,"column":33}},"5":{"start":{"line":22,"column":8},"end":{"line":24,"column":11}},"6":{"start":{"line":26,"column":8},"end":{"line":26,"column":26}},"7":{"start":{"line":30,"column":32},"end":{"line":50,"column":1}},"8":{"start":{"line":31,"column":4},"end":{"line":49,"column":5}},"9":{"start":{"line":32,"column":31},"end":{"line":32,"column":39}},"10":{"start":{"line":33,"column":25},"end":{"line":41,"column":37}},"11":{"start":{"line":42,"column":8},"end":{"line":46,"column":9}},"12":{"start":{"line":43,"column":12},"end":{"line":43,"column":31}},"13":{"start":{"line":45,"column":12},"end":{"line":45,"column":53}},"14":{"start":{"line":48,"column":8},"end":{"line":48,"column":27}}},"fnMap":{"0":{"name":"(anonymous_0)","decl":{"start":{"line":10,"column":33},"end":{"line":10,"column":34}},"loc":{"start":{"line":10,"column":51},"end":{"line":28,"column":1}},"line":10},"1":{"name":"(anonymous_1)","decl":{"start":{"line":30,"column":32},"end":{"line":30,"column":33}},"loc":{"start":{"line":30,"column":50},"end":{"line":50,"column":1}},"line":30}},"branchMap":{"0":{"loc":{"start":{"line":42,"column":8},"end":{"line":46,"column":9}},"type":"if","locations":[{"start":{"line":42,"column":8},"end":{"line":46,"column":9}},{"start":{"line":44,"column":13},"end":{"line":46,"column":9}}],"line":42}},"s":{"0":1,"1":1,"2":0,"3":0,"4":0,"5":0,"6":0,"7":1,"8":0,"9":0,"10":0,"11":0,"12":0,"13":0,"14":0},"f":{"0":0,"1":0},"b":{"0":[0,0]},"_coverageSchema":"1a1c01bbd47fc00a2c39e90264f33305004495a9","hash":"d3f9d520b1090e7e8cc62adc89e5a2a0f54386ef"}
,"D:\\Gnius\\Gnius code\\sistema dar\\servicios-api-dar\\src\\libs\\jwt.js": {"path":"D:\\Gnius\\Gnius code\\sistema dar\\servicios-api-dar\\src\\libs\\jwt.js","statementMap":{"0":{"start":{"line":5,"column":4},"end":{"line":17,"column":7}},"1":{"start":{"line":6,"column":8},"end":{"line":16,"column":10}},"2":{"start":{"line":13,"column":16},"end":{"line":13,"column":36}},"3":{"start":{"line":13,"column":24},"end":{"line":13,"column":36}},"4":{"start":{"line":14,"column":16},"end":{"line":14,"column":30}}},"fnMap":{"0":{"name":"createAccessToken","decl":{"start":{"line":4,"column":16},"end":{"line":4,"column":33}},"loc":{"start":{"line":4,"column":43},"end":{"line":18,"column":1}},"line":4},"1":{"name":"(anonymous_1)","decl":{"start":{"line":5,"column":23},"end":{"line":5,"column":24}},"loc":{"start":{"line":5,"column":43},"end":{"line":17,"column":5}},"line":5},"2":{"name":"(anonymous_2)","decl":{"start":{"line":12,"column":12},"end":{"line":12,"column":13}},"loc":{"start":{"line":12,"column":25},"end":{"line":15,"column":13}},"line":12}},"branchMap":{"0":{"loc":{"start":{"line":13,"column":16},"end":{"line":13,"column":36}},"type":"if","locations":[{"start":{"line":13,"column":16},"end":{"line":13,"column":36}},{"start":{},"end":{}}],"line":13}},"s":{"0":0,"1":0,"2":0,"3":0,"4":0},"f":{"0":0,"1":0,"2":0},"b":{"0":[0,0]},"_coverageSchema":"1a1c01bbd47fc00a2c39e90264f33305004495a9","hash":"b4d1cac3c983c04f9e15dde6afb29ae7ae3df679"}
,"D:\\Gnius\\Gnius code\\sistema dar\\servicios-api-dar\\src\\libs\\swagger.js": {"path":"D:\\Gnius\\Gnius code\\sistema dar\\servicios-api-dar\\src\\libs\\swagger.js","statementMap":{"0":{"start":{"line":4,"column":16},"end":{"line":10,"column":1}},"1":{"start":{"line":12,"column":20},"end":{"line":12,"column":42}},"2":{"start":{"line":14,"column":30},"end":{"line":20,"column":1}},"3":{"start":{"line":15,"column":4},"end":{"line":15,"column":63}},"4":{"start":{"line":16,"column":4},"end":{"line":19,"column":6}},"5":{"start":{"line":17,"column":8},"end":{"line":17,"column":57}},"6":{"start":{"line":18,"column":8},"end":{"line":18,"column":30}}},"fnMap":{"0":{"name":"(anonymous_0)","decl":{"start":{"line":14,"column":30},"end":{"line":14,"column":31}},"loc":{"start":{"line":14,"column":43},"end":{"line":20,"column":1}},"line":14},"1":{"name":"(anonymous_1)","decl":{"start":{"line":16,"column":24},"end":{"line":16,"column":25}},"loc":{"start":{"line":16,"column":36},"end":{"line":19,"column":5}},"line":16}},"branchMap":{},"s":{"0":1,"1":1,"2":1,"3":1,"4":1,"5":0,"6":0},"f":{"0":1,"1":0},"b":{},"_coverageSchema":"1a1c01bbd47fc00a2c39e90264f33305004495a9","hash":"245a814dd28141209dba2e055f9656a0d1979148"}
,"D:\\Gnius\\Gnius code\\sistema dar\\servicios-api-dar\\src\\libs\\validations.js": {"path":"D:\\Gnius\\Gnius code\\sistema dar\\servicios-api-dar\\src\\libs\\validations.js","statementMap":{"0":{"start":{"line":1,"column":29},"end":{"line":8,"column":1}},"1":{"start":{"line":2,"column":4},"end":{"line":6,"column":5}},"2":{"start":{"line":3,"column":6},"end":{"line":5,"column":7}},"3":{"start":{"line":4,"column":8},"end":{"line":4,"column":21}},"4":{"start":{"line":7,"column":4},"end":{"line":7,"column":16}}},"fnMap":{"0":{"name":"(anonymous_0)","decl":{"start":{"line":1,"column":29},"end":{"line":1,"column":30}},"loc":{"start":{"line":1,"column":38},"end":{"line":8,"column":1}},"line":1}},"branchMap":{"0":{"loc":{"start":{"line":3,"column":6},"end":{"line":5,"column":7}},"type":"if","locations":[{"start":{"line":3,"column":6},"end":{"line":5,"column":7}},{"start":{},"end":{}}],"line":3}},"s":{"0":1,"1":0,"2":0,"3":0,"4":0},"f":{"0":0},"b":{"0":[0,0]},"_coverageSchema":"1a1c01bbd47fc00a2c39e90264f33305004495a9","hash":"843aa9a84fd79bb35149edb182d3a8a5219b0dc4"}
,"D:\\Gnius\\Gnius code\\sistema dar\\servicios-api-dar\\src\\middlewares\\validateToken.js": {"path":"D:\\Gnius\\Gnius code\\sistema dar\\servicios-api-dar\\src\\middlewares\\validateToken.js","statementMap":{"0":{"start":{"line":4,"column":28},"end":{"line":17,"column":1}},"1":{"start":{"line":5,"column":20},"end":{"line":5,"column":31}},"2":{"start":{"line":6,"column":4},"end":{"line":8,"column":7}},"3":{"start":{"line":6,"column":15},"end":{"line":8,"column":7}},"4":{"start":{"line":10,"column":4},"end":{"line":16,"column":6}},"5":{"start":{"line":11,"column":8},"end":{"line":13,"column":11}},"6":{"start":{"line":11,"column":16},"end":{"line":13,"column":11}},"7":{"start":{"line":14,"column":8},"end":{"line":14,"column":24}},"8":{"start":{"line":15,"column":8},"end":{"line":15,"column":14}}},"fnMap":{"0":{"name":"(anonymous_0)","decl":{"start":{"line":4,"column":28},"end":{"line":4,"column":29}},"loc":{"start":{"line":4,"column":47},"end":{"line":17,"column":1}},"line":4},"1":{"name":"(anonymous_1)","decl":{"start":{"line":10,"column":35},"end":{"line":10,"column":36}},"loc":{"start":{"line":10,"column":49},"end":{"line":16,"column":5}},"line":10}},"branchMap":{"0":{"loc":{"start":{"line":6,"column":4},"end":{"line":8,"column":7}},"type":"if","locations":[{"start":{"line":6,"column":4},"end":{"line":8,"column":7}},{"start":{},"end":{}}],"line":6},"1":{"loc":{"start":{"line":11,"column":8},"end":{"line":13,"column":11}},"type":"if","locations":[{"start":{"line":11,"column":8},"end":{"line":13,"column":11}},{"start":{},"end":{}}],"line":11}},"s":{"0":1,"1":0,"2":0,"3":0,"4":0,"5":0,"6":0,"7":0,"8":0},"f":{"0":0,"1":0},"b":{"0":[0,0],"1":[0,0]},"_coverageSchema":"1a1c01bbd47fc00a2c39e90264f33305004495a9","hash":"de0279af1e9b9a920ed2ce81302a8ccdcfe2f78b"}
,"D:\\Gnius\\Gnius code\\sistema dar\\servicios-api-dar\\src\\models\\patient.model.js": {"path":"D:\\Gnius\\Gnius code\\sistema dar\\servicios-api-dar\\src\\models\\patient.model.js","statementMap":{"0":{"start":{"line":4,"column":34},"end":{"line":41,"column":2}},"1":{"start":{"line":43,"column":23},"end":{"line":63,"column":2}},"2":{"start":{"line":66,"column":19},"end":{"line":76,"column":2}},"3":{"start":{"line":78,"column":23},"end":{"line":88,"column":2}},"4":{"start":{"line":90,"column":26},"end":{"line":100,"column":2}}},"fnMap":{},"branchMap":{},"s":{"0":1,"1":1,"2":1,"3":1,"4":1},"f":{},"b":{},"_coverageSchema":"1a1c01bbd47fc00a2c39e90264f33305004495a9","hash":"bce2ad1e18a1c3416d242eb7dfa4d87741b77a0a"}
,"D:\\Gnius\\Gnius code\\sistema dar\\servicios-api-dar\\src\\models\\user.model.js": {"path":"D:\\Gnius\\Gnius code\\sistema dar\\servicios-api-dar\\src\\models\\user.model.js","statementMap":{"0":{"start":{"line":3,"column":19},"end":{"line":28,"column":2}}},"fnMap":{},"branchMap":{},"s":{"0":1},"f":{},"b":{},"_coverageSchema":"1a1c01bbd47fc00a2c39e90264f33305004495a9","hash":"dee1728ff195891e81681c54e52a43b2d2b702ee"}
,"D:\\Gnius\\Gnius code\\sistema dar\\servicios-api-dar\\src\\routes\\auth.routes.js": {"path":"D:\\Gnius\\Gnius code\\sistema dar\\servicios-api-dar\\src\\routes\\auth.routes.js","statementMap":{"0":{"start":{"line":5,"column":15},"end":{"line":5,"column":23}},"1":{"start":{"line":81,"column":0},"end":{"line":81,"column":35}},"2":{"start":{"line":101,"column":0},"end":{"line":101,"column":29}},"3":{"start":{"line":114,"column":0},"end":{"line":114,"column":31}},"4":{"start":{"line":117,"column":0},"end":{"line":117,"column":46}}},"fnMap":{},"branchMap":{},"s":{"0":1,"1":1,"2":1,"3":1,"4":1},"f":{},"b":{},"_coverageSchema":"1a1c01bbd47fc00a2c39e90264f33305004495a9","hash":"d76b63962fc39c2eceddcff4a80cbec5d166de51"}
,"D:\\Gnius\\Gnius code\\sistema dar\\servicios-api-dar\\src\\routes\\meroEvenOdd.routes.js": {"path":"D:\\Gnius\\Gnius code\\sistema dar\\servicios-api-dar\\src\\routes\\meroEvenOdd.routes.js","statementMap":{"0":{"start":{"line":4,"column":15},"end":{"line":4,"column":23}},"1":{"start":{"line":6,"column":0},"end":{"line":6,"column":55}},"2":{"start":{"line":8,"column":0},"end":{"line":8,"column":35}}},"fnMap":{},"branchMap":{},"s":{"0":1,"1":1,"2":1},"f":{},"b":{},"_coverageSchema":"1a1c01bbd47fc00a2c39e90264f33305004495a9","hash":"8a1eee19b14d4bc00b586f4ba071a9e506d01c8f"}
,"D:\\Gnius\\Gnius code\\sistema dar\\servicios-api-dar\\src\\routes\\patient.routes.js": {"path":"D:\\Gnius\\Gnius code\\sistema dar\\servicios-api-dar\\src\\routes\\patient.routes.js","statementMap":{"0":{"start":{"line":5,"column":15},"end":{"line":5,"column":23}},"1":{"start":{"line":85,"column":0},"end":{"line":85,"column":36}},"2":{"start":{"line":105,"column":0},"end":{"line":105,"column":38}},"3":{"start":{"line":125,"column":0},"end":{"line":125,"column":38}},"4":{"start":{"line":145,"column":0},"end":{"line":145,"column":44}},"5":{"start":{"line":172,"column":0},"end":{"line":172,"column":41}}},"fnMap":{},"branchMap":{},"s":{"0":1,"1":1,"2":1,"3":1,"4":1,"5":1},"f":{},"b":{},"_coverageSchema":"1a1c01bbd47fc00a2c39e90264f33305004495a9","hash":"c49a198b7289922df7498507007f463de3327efb"}
,"D:\\Gnius\\Gnius code\\sistema dar\\servicios-api-dar\\src\\routes\\verifyNumber.routes.js": {"path":"D:\\Gnius\\Gnius code\\sistema dar\\servicios-api-dar\\src\\routes\\verifyNumber.routes.js","statementMap":{"0":{"start":{"line":4,"column":15},"end":{"line":4,"column":23}},"1":{"start":{"line":62,"column":0},"end":{"line":62,"column":41}},"2":{"start":{"line":82,"column":0},"end":{"line":82,"column":40}}},"fnMap":{},"branchMap":{},"s":{"0":1,"1":1,"2":1},"f":{},"b":{},"_coverageSchema":"1a1c01bbd47fc00a2c39e90264f33305004495a9","hash":"9d1416848b0e6931bffff1230b4431c37840076b"}
}
