TN:
SF:src\app.js
FNF:0
FNH:0
DA:6,1
DA:7,1
DA:8,1
DA:9,1
DA:10,1
LF:5
LH:5
BRF:0
BRH:0
end_of_record
TN:
SF:src\controllers\verify.controller.js
FN:1,(anonymous_0)
FN:13,(anonymous_1)
FNF:2
FNH:2
FNDA:3,(anonymous_0)
FNDA:7,(anonymous_1)
DA:1,1
DA:2,3
DA:4,3
DA:5,1
DA:6,2
DA:7,1
DA:9,1
DA:13,1
DA:14,7
DA:16,7
DA:17,2
DA:18,5
DA:19,1
DA:20,4
DA:21,1
DA:22,3
DA:23,1
DA:24,2
DA:25,1
DA:27,1
LF:20
LH:20
BRDA:4,0,0,1
BRDA:4,0,1,2
BRDA:6,1,0,1
BRDA:6,1,1,1
BRDA:16,2,0,2
BRDA:16,2,1,5
BRDA:16,3,0,7
BRDA:16,3,1,6
BRDA:16,3,2,6
BRDA:18,4,0,1
BRDA:18,4,1,4
BRDA:20,5,0,1
BRDA:20,5,1,3
BRDA:22,6,0,1
BRDA:22,6,1,2
BRDA:24,7,0,1
BRDA:24,7,1,1
BRF:17
BRH:17
end_of_record
TN:
SF:src\routes\verify.routes.js
FNF:0
FNH:0
DA:4,1
DA:6,1
DA:8,1
LF:3
LH:3
BRF:0
BRH:0
end_of_record
