TN:
SF:src\app.js
FNF:0
FNH:0
DA:12,1
DA:13,1
DA:17,1
DA:18,1
DA:19,1
DA:20,1
DA:21,1
DA:22,1
DA:23,1
DA:25,1
LF:10
LH:10
BRF:0
BRH:0
end_of_record
TN:
SF:src\config.js
FNF:0
FNH:0
DA:3,1
DA:4,1
DA:5,1
DA:6,1
DA:7,1
LF:5
LH:5
BRF:0
BRH:0
end_of_record
TN:
SF:src\controllers\auth.controller.js
FN:5,(anonymous_0)
FN:34,(anonymous_1)
FN:61,(anonymous_2)
FN:68,(anonymous_3)
FNF:4
FNH:0
FNDA:0,(anonymous_0)
FNDA:0,(anonymous_1)
FNDA:0,(anonymous_2)
FNDA:0,(anonymous_3)
DA:5,1
DA:6,0
DA:7,0
DA:8,0
DA:9,0
DA:16,0
DA:17,0
DA:18,0
DA:19,0
DA:30,0
DA:34,1
DA:35,0
DA:36,0
DA:37,0
DA:38,0
DA:41,0
DA:42,0
DA:45,0
DA:46,0
DA:47,0
DA:57,0
DA:61,1
DA:62,0
DA:65,0
DA:68,1
DA:69,0
DA:70,0
DA:73,0
LF:28
LH:4
BRDA:38,0,0,0
BRDA:38,0,1,0
BRDA:42,1,0,0
BRDA:42,1,1,0
BRDA:70,2,0,0
BRDA:70,2,1,0
BRF:6
BRH:0
end_of_record
TN:
SF:src\controllers\numeroEvenOdd.controller.js
FN:1,(anonymous_0)
FN:13,(anonymous_1)
FNF:2
FNH:2
FNDA:3,(anonymous_0)
FNDA:7,(anonymous_1)
DA:1,1
DA:2,3
DA:4,3
DA:5,1
DA:6,2
DA:7,1
DA:9,1
DA:13,1
DA:14,7
DA:16,7
DA:17,2
DA:18,5
DA:19,1
DA:20,4
DA:21,1
DA:22,3
DA:23,1
DA:24,2
DA:25,1
DA:27,1
LF:20
LH:20
BRDA:4,0,0,1
BRDA:4,0,1,2
BRDA:6,1,0,1
BRDA:6,1,1,1
BRDA:16,2,0,2
BRDA:16,2,1,5
BRDA:16,3,0,7
BRDA:16,3,1,6
BRDA:16,3,2,6
BRDA:18,4,0,1
BRDA:18,4,1,4
BRDA:20,5,0,1
BRDA:20,5,1,3
BRDA:22,6,0,1
BRDA:22,6,1,2
BRDA:24,7,0,1
BRDA:24,7,1,1
BRF:17
BRH:17
end_of_record
TN:
SF:src\controllers\patient.controller.js
FN:5,(anonymous_0)
FN:10,(anonymous_1)
FN:27,(anonymous_2)
FN:35,(anonymous_3)
FN:43,(anonymous_4)
FNF:5
FNH:0
FNDA:0,(anonymous_0)
FNDA:0,(anonymous_1)
FNDA:0,(anonymous_2)
FNDA:0,(anonymous_3)
FNDA:0,(anonymous_4)
DA:5,1
DA:6,0
DA:7,0
DA:10,1
DA:11,0
DA:12,0
DA:15,0
DA:16,0
DA:17,0
DA:18,0
DA:20,0
DA:21,0
DA:27,1
DA:28,0
DA:29,0
DA:32,0
DA:35,1
DA:36,0
DA:37,0
DA:40,0
DA:43,1
DA:44,0
DA:47,0
DA:50,0
LF:24
LH:5
BRDA:12,0,0,0
BRDA:12,0,1,0
BRDA:29,1,0,0
BRDA:29,1,1,0
BRDA:37,2,0,0
BRDA:37,2,1,0
BRDA:47,3,0,0
BRDA:47,3,1,0
BRF:8
BRH:0
end_of_record
TN:
SF:src\controllers\suma.js
FN:1,suma
FNF:1
FNH:1
FNDA:1,suma
DA:2,1
LF:1
LH:1
BRF:0
BRH:0
end_of_record
TN:
SF:src\controllers\verifyNumber.js
FN:10,(anonymous_0)
FN:30,(anonymous_1)
FNF:2
FNH:0
FNDA:0,(anonymous_0)
FNDA:0,(anonymous_1)
DA:8,1
DA:10,1
DA:11,0
DA:12,0
DA:13,0
DA:22,0
DA:26,0
DA:30,1
DA:31,0
DA:32,0
DA:33,0
DA:42,0
DA:43,0
DA:45,0
DA:48,0
LF:15
LH:3
BRDA:42,0,0,0
BRDA:42,0,1,0
BRF:2
BRH:0
end_of_record
TN:
SF:src\libs\jwt.js
FN:4,createAccessToken
FN:5,(anonymous_1)
FN:12,(anonymous_2)
FNF:3
FNH:0
FNDA:0,createAccessToken
FNDA:0,(anonymous_1)
FNDA:0,(anonymous_2)
DA:5,0
DA:6,0
DA:13,0
DA:14,0
LF:4
LH:0
BRDA:13,0,0,0
BRDA:13,0,1,0
BRF:2
BRH:0
end_of_record
TN:
SF:src\libs\swagger.js
FN:14,(anonymous_0)
FN:16,(anonymous_1)
FNF:2
FNH:1
FNDA:1,(anonymous_0)
FNDA:0,(anonymous_1)
DA:4,1
DA:12,1
DA:14,1
DA:15,1
DA:16,1
DA:17,0
DA:18,0
LF:7
LH:5
BRF:0
BRH:0
end_of_record
TN:
SF:src\libs\validations.js
FN:1,(anonymous_0)
FNF:1
FNH:0
FNDA:0,(anonymous_0)
DA:1,1
DA:2,0
DA:3,0
DA:4,0
DA:7,0
LF:5
LH:1
BRDA:3,0,0,0
BRDA:3,0,1,0
BRF:2
BRH:0
end_of_record
TN:
SF:src\middlewares\validateToken.js
FN:4,(anonymous_0)
FN:10,(anonymous_1)
FNF:2
FNH:0
FNDA:0,(anonymous_0)
FNDA:0,(anonymous_1)
DA:4,1
DA:5,0
DA:6,0
DA:10,0
DA:11,0
DA:14,0
DA:15,0
LF:7
LH:1
BRDA:6,0,0,0
BRDA:6,0,1,0
BRDA:11,1,0,0
BRDA:11,1,1,0
BRF:4
BRH:0
end_of_record
TN:
SF:src\models\patient.model.js
FNF:0
FNH:0
DA:4,1
DA:43,1
DA:66,1
DA:78,1
DA:90,1
LF:5
LH:5
BRF:0
BRH:0
end_of_record
TN:
SF:src\models\user.model.js
FNF:0
FNH:0
DA:3,1
LF:1
LH:1
BRF:0
BRH:0
end_of_record
TN:
SF:src\routes\auth.routes.js
FNF:0
FNH:0
DA:5,1
DA:81,1
DA:101,1
DA:114,1
DA:117,1
LF:5
LH:5
BRF:0
BRH:0
end_of_record
TN:
SF:src\routes\meroEvenOdd.routes.js
FNF:0
FNH:0
DA:4,1
DA:6,1
DA:8,1
LF:3
LH:3
BRF:0
BRH:0
end_of_record
TN:
SF:src\routes\patient.routes.js
FNF:0
FNH:0
DA:5,1
DA:85,1
DA:105,1
DA:125,1
DA:145,1
DA:172,1
LF:6
LH:6
BRF:0
BRH:0
end_of_record
TN:
SF:src\routes\verifyNumber.routes.js
FNF:0
FNH:0
DA:4,1
DA:62,1
DA:82,1
LF:3
LH:3
BRF:0
BRH:0
end_of_record
